2020-10-23 01:39:31.269  INFO 31763 --- [SpringContextShutdownHook] j.LocalContainerEntityManagerFactoryBean : Closing JPA EntityManagerFactory for persistence unit 'default'
2020-10-23 01:39:31.278  INFO 31763 --- [SpringContextShutdownHook] o.s.s.concurrent.ThreadPoolTaskExecutor  : Shutting down ExecutorService 'applicationTaskExecutor'
2020-10-23 01:39:31.279  INFO 31763 --- [SpringContextShutdownHook] com.zaxxer.hikari.HikariDataSource       : HikariPool-1 - Shutdown initiated...
2020-10-23 01:39:31.297  INFO 31763 --- [SpringContextShutdownHook] com.zaxxer.hikari.HikariDataSource       : HikariPool-1 - Shutdown completed.
2020-10-23 01:39:44.211  INFO 6239 --- [main] c.e.ec.ExplorePlacesApplicationTests     : Starting ExplorePlacesApplicationTests on amit-Lenovo-ideapad-520-15IKB with PID 6239 (started by amit in /home/amit/git/tour-services/explorePlaces-services-sdr-h2)
2020-10-23 01:39:44.212 DEBUG 6239 --- [main] c.e.ec.ExplorePlacesApplicationTests     : Running with Spring Boot v2.3.0.RELEASE, Spring v5.2.6.RELEASE
2020-10-23 01:39:44.212  INFO 6239 --- [main] c.e.ec.ExplorePlacesApplicationTests     : No active profile set, falling back to default profiles: default
2020-10-23 01:39:45.165  INFO 6239 --- [main] .s.d.r.c.RepositoryConfigurationDelegate : Bootstrapping Spring Data JPA repositories in DEFERRED mode.
2020-10-23 01:39:45.235  INFO 6239 --- [main] .s.d.r.c.RepositoryConfigurationDelegate : Finished Spring Data repository scanning in 61ms. Found 4 JPA repository interfaces.
2020-10-23 01:39:45.903  INFO 6239 --- [main] com.zaxxer.hikari.HikariDataSource       : HikariPool-1 - Starting...
2020-10-23 01:39:46.121  INFO 6239 --- [main] com.zaxxer.hikari.HikariDataSource       : HikariPool-1 - Start completed.
2020-10-23 01:39:46.404  INFO 6239 --- [main] o.s.s.concurrent.ThreadPoolTaskExecutor  : Initializing ExecutorService 'applicationTaskExecutor'
2020-10-23 01:39:46.479  INFO 6239 --- [task-1] o.hibernate.jpa.internal.util.LogHelper  : HHH000204: Processing PersistenceUnitInfo [name: default]
2020-10-23 01:39:46.571  INFO 6239 --- [task-1] org.hibernate.Version                    : HHH000412: Hibernate ORM core version 5.4.15.Final
2020-10-23 01:39:46.768  INFO 6239 --- [task-1] o.hibernate.annotations.common.Version   : HCANN000001: Hibernate Commons Annotations {5.1.0.Final}
2020-10-23 01:39:46.949  INFO 6239 --- [task-1] org.hibernate.dialect.Dialect            : HHH000400: Using dialect: org.hibernate.dialect.H2Dialect
2020-10-23 01:39:47.685  INFO 6239 --- [task-1] o.h.e.t.j.p.i.JtaPlatformInitiator       : HHH000490: Using JtaPlatform implementation: [org.hibernate.engine.transaction.jta.platform.internal.NoJtaPlatform]
2020-10-23 01:39:47.696  INFO 6239 --- [task-1] j.LocalContainerEntityManagerFactoryBean : Initialized JPA EntityManagerFactory for persistence unit 'default'
2020-10-23 01:39:48.501  WARN 6239 --- [main] JpaBaseConfiguration$JpaWebConfiguration : spring.jpa.open-in-view is enabled by default. Therefore, database queries may be performed during view rendering. Explicitly configure spring.jpa.open-in-view to disable this warning
2020-10-23 01:39:49.871  INFO 6239 --- [main] DeferredRepositoryInitializationListener : Triggering deferred initialization of Spring Data repositories…
2020-10-23 01:39:50.055  INFO 6239 --- [main] DeferredRepositoryInitializationListener : Spring Data repositories initialized!
2020-10-23 01:39:50.071  INFO 6239 --- [main] c.e.ec.ExplorePlacesApplicationTests     : Started ExplorePlacesApplicationTests in 6.192 seconds (JVM running for 7.839)
2020-10-23 01:39:50.436  INFO 6239 --- [main] com.example.ec.web.RatingControllerTest  : Starting RatingControllerTest on amit-Lenovo-ideapad-520-15IKB with PID 6239 (started by amit in /home/amit/git/tour-services/explorePlaces-services-sdr-h2)
2020-10-23 01:39:50.437 DEBUG 6239 --- [main] com.example.ec.web.RatingControllerTest  : Running with Spring Boot v2.3.0.RELEASE, Spring v5.2.6.RELEASE
2020-10-23 01:39:50.437  INFO 6239 --- [main] com.example.ec.web.RatingControllerTest  : No active profile set, falling back to default profiles: default
2020-10-23 01:39:50.817  INFO 6239 --- [main] .s.d.r.c.RepositoryConfigurationDelegate : Bootstrapping Spring Data JPA repositories in DEFERRED mode.
2020-10-23 01:39:50.827  INFO 6239 --- [main] .s.d.r.c.RepositoryConfigurationDelegate : Finished Spring Data repository scanning in 9ms. Found 4 JPA repository interfaces.
2020-10-23 01:39:51.093  INFO 6239 --- [main] o.s.b.w.embedded.tomcat.TomcatWebServer  : Tomcat initialized with port(s): 0 (http)
2020-10-23 01:39:51.102  INFO 6239 --- [main] o.apache.catalina.core.StandardService   : Starting service [Tomcat]
2020-10-23 01:39:51.102  INFO 6239 --- [main] org.apache.catalina.core.StandardEngine  : Starting Servlet engine: [Apache Tomcat/9.0.35]
2020-10-23 01:39:51.182  INFO 6239 --- [main] o.a.c.c.C.[Tomcat].[localhost].[/]       : Initializing Spring embedded WebApplicationContext
2020-10-23 01:39:51.183  INFO 6239 --- [main] o.s.web.context.ContextLoader            : Root WebApplicationContext: initialization completed in 744 ms
2020-10-23 01:39:51.264  INFO 6239 --- [main] com.zaxxer.hikari.HikariDataSource       : HikariPool-2 - Starting...
2020-10-23 01:39:51.271  INFO 6239 --- [main] com.zaxxer.hikari.HikariDataSource       : HikariPool-2 - Start completed.
2020-10-23 01:39:51.347  INFO 6239 --- [main] o.s.s.concurrent.ThreadPoolTaskExecutor  : Initializing ExecutorService 'applicationTaskExecutor'
2020-10-23 01:39:51.360  INFO 6239 --- [task-1] o.hibernate.jpa.internal.util.LogHelper  : HHH000204: Processing PersistenceUnitInfo [name: default]
2020-10-23 01:39:51.375  INFO 6239 --- [task-1] org.hibernate.dialect.Dialect            : HHH000400: Using dialect: org.hibernate.dialect.H2Dialect
2020-10-23 01:39:51.532  INFO 6239 --- [task-1] o.h.e.t.j.p.i.JtaPlatformInitiator       : HHH000490: Using JtaPlatform implementation: [org.hibernate.engine.transaction.jta.platform.internal.NoJtaPlatform]
2020-10-23 01:39:51.534  INFO 6239 --- [task-1] j.LocalContainerEntityManagerFactoryBean : Initialized JPA EntityManagerFactory for persistence unit 'default'
2020-10-23 01:39:51.726  WARN 6239 --- [main] JpaBaseConfiguration$JpaWebConfiguration : spring.jpa.open-in-view is enabled by default. Therefore, database queries may be performed during view rendering. Explicitly configure spring.jpa.open-in-view to disable this warning
2020-10-23 01:39:52.546  INFO 6239 --- [main] o.s.b.w.embedded.tomcat.TomcatWebServer  : Tomcat started on port(s): 33553 (http) with context path ''
2020-10-23 01:39:52.547  INFO 6239 --- [main] DeferredRepositoryInitializationListener : Triggering deferred initialization of Spring Data repositories…
2020-10-23 01:39:52.581  INFO 6239 --- [main] DeferredRepositoryInitializationListener : Spring Data repositories initialized!
2020-10-23 01:39:52.585  INFO 6239 --- [main] com.example.ec.web.RatingControllerTest  : Started RatingControllerTest in 2.174 seconds (JVM running for 10.354)
2020-10-23 01:39:52.755  INFO 6239 --- [http-nio-auto-1-exec-1] o.a.c.c.C.[Tomcat].[localhost].[/]       : Initializing Spring DispatcherServlet 'dispatcherServlet'
2020-10-23 01:39:52.755  INFO 6239 --- [http-nio-auto-1-exec-1] o.s.web.servlet.DispatcherServlet        : Initializing Servlet 'dispatcherServlet'
2020-10-23 01:39:52.769  INFO 6239 --- [http-nio-auto-1-exec-1] o.s.web.servlet.DispatcherServlet        : Completed initialization in 13 ms
2020-10-23 01:39:52.795  INFO 6239 --- [http-nio-auto-1-exec-1] com.example.ec.web.RatingController      : GET /ratings/{id}
2020-10-23 01:39:52.865  INFO 6239 --- [http-nio-auto-1-exec-2] com.example.ec.web.RatingController      : GET /ratings/{id}
2020-10-23 01:39:52.870 ERROR 6239 --- [http-nio-auto-1-exec-2] com.example.ec.web.RatingController      : Unable to complete transaction

java.util.NoSuchElementException: Rating 555 not found
	at com.example.ec.web.RatingController.lambda$getRating$2(RatingController.java:76)
	at java.base/java.util.Optional.orElseThrow(Optional.java:408)
	at com.example.ec.web.RatingController.getRating(RatingController.java:76)
	at java.base/jdk.internal.reflect.NativeMethodAccessorImpl.invoke0(Native Method)
	at java.base/jdk.internal.reflect.NativeMethodAccessorImpl.invoke(NativeMethodAccessorImpl.java:62)
	at java.base/jdk.internal.reflect.DelegatingMethodAccessorImpl.invoke(DelegatingMethodAccessorImpl.java:43)
	at java.base/java.lang.reflect.Method.invoke(Method.java:566)
	at org.springframework.web.method.support.InvocableHandlerMethod.doInvoke(InvocableHandlerMethod.java:190)
	at org.springframework.web.method.support.InvocableHandlerMethod.invokeForRequest(InvocableHandlerMethod.java:138)
	at org.springframework.web.servlet.mvc.method.annotation.ServletInvocableHandlerMethod.invokeAndHandle(ServletInvocableHandlerMethod.java:105)
	at org.springframework.web.servlet.mvc.method.annotation.RequestMappingHandlerAdapter.invokeHandlerMethod(RequestMappingHandlerAdapter.java:879)
	at org.springframework.web.servlet.mvc.method.annotation.RequestMappingHandlerAdapter.handleInternal(RequestMappingHandlerAdapter.java:793)
	at org.springframework.web.servlet.mvc.method.AbstractHandlerMethodAdapter.handle(AbstractHandlerMethodAdapter.java:87)
	at org.springframework.web.servlet.DispatcherServlet.doDispatch(DispatcherServlet.java:1040)
	at org.springframework.web.servlet.DispatcherServlet.doService(DispatcherServlet.java:943)
	at org.springframework.web.servlet.FrameworkServlet.processRequest(FrameworkServlet.java:1006)
	at org.springframework.web.servlet.FrameworkServlet.doGet(FrameworkServlet.java:898)
	at javax.servlet.http.HttpServlet.service(HttpServlet.java:634)
	at org.springframework.web.servlet.FrameworkServlet.service(FrameworkServlet.java:883)
	at javax.servlet.http.HttpServlet.service(HttpServlet.java:741)
	at org.apache.catalina.core.ApplicationFilterChain.internalDoFilter(ApplicationFilterChain.java:231)
	at org.apache.catalina.core.ApplicationFilterChain.doFilter(ApplicationFilterChain.java:166)
	at org.apache.tomcat.websocket.server.WsFilter.doFilter(WsFilter.java:53)
	at org.apache.catalina.core.ApplicationFilterChain.internalDoFilter(ApplicationFilterChain.java:193)
	at org.apache.catalina.core.ApplicationFilterChain.doFilter(ApplicationFilterChain.java:166)
	at org.springframework.web.filter.RequestContextFilter.doFilterInternal(RequestContextFilter.java:100)
	at org.springframework.web.filter.OncePerRequestFilter.doFilter(OncePerRequestFilter.java:119)
	at org.apache.catalina.core.ApplicationFilterChain.internalDoFilter(ApplicationFilterChain.java:193)
	at org.apache.catalina.core.ApplicationFilterChain.doFilter(ApplicationFilterChain.java:166)
	at org.springframework.web.filter.FormContentFilter.doFilterInternal(FormContentFilter.java:93)
	at org.springframework.web.filter.OncePerRequestFilter.doFilter(OncePerRequestFilter.java:119)
	at org.apache.catalina.core.ApplicationFilterChain.internalDoFilter(ApplicationFilterChain.java:193)
	at org.apache.catalina.core.ApplicationFilterChain.doFilter(ApplicationFilterChain.java:166)
	at org.springframework.web.filter.CharacterEncodingFilter.doFilterInternal(CharacterEncodingFilter.java:201)
	at org.springframework.web.filter.OncePerRequestFilter.doFilter(OncePerRequestFilter.java:119)
	at org.apache.catalina.core.ApplicationFilterChain.internalDoFilter(ApplicationFilterChain.java:193)
	at org.apache.catalina.core.ApplicationFilterChain.doFilter(ApplicationFilterChain.java:166)
	at org.apache.catalina.core.StandardWrapperValve.invoke(StandardWrapperValve.java:202)
	at org.apache.catalina.core.StandardContextValve.invoke(StandardContextValve.java:96)
	at org.apache.catalina.authenticator.AuthenticatorBase.invoke(AuthenticatorBase.java:541)
	at org.apache.catalina.core.StandardHostValve.invoke(StandardHostValve.java:139)
	at org.apache.catalina.valves.ErrorReportValve.invoke(ErrorReportValve.java:92)
	at org.apache.catalina.core.StandardEngineValve.invoke(StandardEngineValve.java:74)
	at org.apache.catalina.connector.CoyoteAdapter.service(CoyoteAdapter.java:343)
	at org.apache.coyote.http11.Http11Processor.service(Http11Processor.java:373)
	at org.apache.coyote.AbstractProcessorLight.process(AbstractProcessorLight.java:65)
	at org.apache.coyote.AbstractProtocol$ConnectionHandler.process(AbstractProtocol.java:868)
	at org.apache.tomcat.util.net.NioEndpoint$SocketProcessor.doRun(NioEndpoint.java:1590)
	at org.apache.tomcat.util.net.SocketProcessorBase.run(SocketProcessorBase.java:49)
	at java.base/java.util.concurrent.ThreadPoolExecutor.runWorker(ThreadPoolExecutor.java:1128)
	at java.base/java.util.concurrent.ThreadPoolExecutor$Worker.run(ThreadPoolExecutor.java:628)
	at org.apache.tomcat.util.threads.TaskThread$WrappingRunnable.run(TaskThread.java:61)
	at java.base/java.lang.Thread.run(Thread.java:834)

2020-10-23 01:39:52.892  INFO 6239 --- [http-nio-auto-1-exec-3] com.example.ec.web.RatingController      : GET /ratings
2020-10-23 01:39:52.940  INFO 6239 --- [http-nio-auto-1-exec-4] com.example.ec.web.TourRatingController  : DELETE /tours/999/ratings/1000
2020-10-23 01:39:53.002  INFO 6239 --- [http-nio-auto-1-exec-5] com.example.ec.web.TourRatingController  : GET /tours/999/ratings
2020-10-23 01:39:53.054  INFO 6239 --- [http-nio-auto-1-exec-6] com.example.ec.web.TourRatingController  : PUT /tours/999/ratings
2020-10-23 01:39:53.072  INFO 6239 --- [http-nio-auto-1-exec-7] com.example.ec.web.TourRatingController  : POST /tours/999/ratings
2020-10-23 01:39:53.084  INFO 6239 --- [http-nio-auto-1-exec-8] com.example.ec.web.TourRatingController  : GET /tours/999/ratings/average
2020-10-23 01:39:53.104  INFO 6239 --- [http-nio-auto-1-exec-9] com.example.ec.web.TourRatingController  : GET /tours/999/ratings/average
2020-10-23 01:39:53.106 ERROR 6239 --- [http-nio-auto-1-exec-9] com.example.ec.web.TourRatingController  : Unable to complete transaction

java.util.NoSuchElementException: null

2020-10-23 01:39:53.122  INFO 6239 --- [http-nio-auto-1-exec-10] com.example.ec.web.TourRatingController  : POST /tours/999/ratings/3
2020-10-23 01:39:53.226  INFO 6239 --- [main] c.example.ec.service.TourRatingService   : Get average score of tour 1 
2020-10-23 01:39:53.234  INFO 6239 --- [main] c.example.ec.service.TourRatingService   : Delete Rating for tour 1 and customer 123
2020-10-23 01:39:53.238  INFO 6239 --- [main] c.example.ec.service.TourRatingService   : Update all of Rating for tour 1 of customers 123
2020-10-23 01:39:53.242  INFO 6239 --- [main] c.example.ec.service.TourRatingService   : Update some of rating for tour 1 of customers 123
2020-10-23 01:39:53.245  INFO 6239 --- [main] c.example.ec.service.TourRatingService   : Rate tour 1 by customers [123, 124]
2020-10-23 01:39:53.247 DEBUG 6239 --- [main] c.example.ec.service.TourRatingService   : Attempt to create Tour RAting for customer 123
2020-10-23 01:39:53.247 DEBUG 6239 --- [main] c.example.ec.service.TourRatingService   : Attempt to create Tour RAting for customer 124
2020-10-23 01:39:53.250  INFO 6239 --- [main] c.example.ec.service.TourRatingService   : Lookup all Ratings
2020-10-23 01:39:53.328  INFO 6239 --- [main] c.example.ec.service.TourRatingService   : Lookup Rating for tour 1
2020-10-23 01:39:53.347  INFO 6239 --- [main] o.s.t.c.transaction.TransactionContext   : Began transaction (1) for test context [DefaultTestContext@f36c8b1 testClass = TourRatingServiceIntegrationTest, testInstance = com.example.ec.service.TourRatingServiceIntegrationTest@251db193, testMethod = deleteException@TourRatingServiceIntegrationTest, testException = [null], mergedContextConfiguration = [WebMergedContextConfiguration@109f95b1 testClass = TourRatingServiceIntegrationTest, locations = '{}', classes = '{class com.example.ec.ExplorePlacesApplication}', contextInitializerClasses = '[]', activeProfiles = '{}', propertySourceLocations = '{}', propertySourceProperties = '{org.springframework.boot.test.context.SpringBootTestContextBootstrapper=true}', contextCustomizers = set[org.springframework.boot.test.context.filter.ExcludeFilterContextCustomizer@7a5ceedd, org.springframework.boot.test.json.DuplicateJsonObjectContextCustomizerFactory$DuplicateJsonObjectContextCustomizer@6cb107fd, org.springframework.boot.test.mock.mockito.MockitoContextCustomizer@0, org.springframework.boot.test.web.client.TestRestTemplateContextCustomizer@38467116, org.springframework.boot.test.autoconfigure.properties.PropertyMappingContextCustomizer@0, org.springframework.boot.test.autoconfigure.web.servlet.WebDriverContextCustomizerFactory$Customizer@34bde49d, org.springframework.boot.test.context.SpringBootTestArgs@1], resourceBasePath = 'src/main/webapp', contextLoader = 'org.springframework.boot.test.context.SpringBootContextLoader', parent = [null]], attributes = map['org.springframework.test.context.web.ServletTestExecutionListener.activateListener' -> true, 'org.springframework.test.context.web.ServletTestExecutionListener.populatedRequestContextHolder' -> true, 'org.springframework.test.context.web.ServletTestExecutionListener.resetRequestContextHolder' -> true]]; transaction manager [org.springframework.orm.jpa.JpaTransactionManager@11dbcb3b]; rollback [true]
2020-10-23 01:39:53.349  INFO 6239 --- [main] c.example.ec.service.TourRatingService   : Delete Rating for tour 123 and customer 1234
2020-10-23 01:39:53.510  INFO 6239 --- [main] o.s.t.c.transaction.TransactionContext   : Rolled back transaction for test: [DefaultTestContext@f36c8b1 testClass = TourRatingServiceIntegrationTest, testInstance = com.example.ec.service.TourRatingServiceIntegrationTest@251db193, testMethod = deleteException@TourRatingServiceIntegrationTest, testException = [null], mergedContextConfiguration = [WebMergedContextConfiguration@109f95b1 testClass = TourRatingServiceIntegrationTest, locations = '{}', classes = '{class com.example.ec.ExplorePlacesApplication}', contextInitializerClasses = '[]', activeProfiles = '{}', propertySourceLocations = '{}', propertySourceProperties = '{org.springframework.boot.test.context.SpringBootTestContextBootstrapper=true}', contextCustomizers = set[org.springframework.boot.test.context.filter.ExcludeFilterContextCustomizer@7a5ceedd, org.springframework.boot.test.json.DuplicateJsonObjectContextCustomizerFactory$DuplicateJsonObjectContextCustomizer@6cb107fd, org.springframework.boot.test.mock.mockito.MockitoContextCustomizer@0, org.springframework.boot.test.web.client.TestRestTemplateContextCustomizer@38467116, org.springframework.boot.test.autoconfigure.properties.PropertyMappingContextCustomizer@0, org.springframework.boot.test.autoconfigure.web.servlet.WebDriverContextCustomizerFactory$Customizer@34bde49d, org.springframework.boot.test.context.SpringBootTestArgs@1], resourceBasePath = 'src/main/webapp', contextLoader = 'org.springframework.boot.test.context.SpringBootContextLoader', parent = [null]], attributes = map['org.springframework.test.context.web.ServletTestExecutionListener.activateListener' -> true, 'org.springframework.test.context.web.ServletTestExecutionListener.populatedRequestContextHolder' -> true, 'org.springframework.test.context.web.ServletTestExecutionListener.resetRequestContextHolder' -> true]]
2020-10-23 01:39:53.513  INFO 6239 --- [main] o.s.t.c.transaction.TransactionContext   : Began transaction (1) for test context [DefaultTestContext@f36c8b1 testClass = TourRatingServiceIntegrationTest, testInstance = com.example.ec.service.TourRatingServiceIntegrationTest@41ad6c00, testMethod = updateException@TourRatingServiceIntegrationTest, testException = [null], mergedContextConfiguration = [WebMergedContextConfiguration@109f95b1 testClass = TourRatingServiceIntegrationTest, locations = '{}', classes = '{class com.example.ec.ExplorePlacesApplication}', contextInitializerClasses = '[]', activeProfiles = '{}', propertySourceLocations = '{}', propertySourceProperties = '{org.springframework.boot.test.context.SpringBootTestContextBootstrapper=true}', contextCustomizers = set[org.springframework.boot.test.context.filter.ExcludeFilterContextCustomizer@7a5ceedd, org.springframework.boot.test.json.DuplicateJsonObjectContextCustomizerFactory$DuplicateJsonObjectContextCustomizer@6cb107fd, org.springframework.boot.test.mock.mockito.MockitoContextCustomizer@0, org.springframework.boot.test.web.client.TestRestTemplateContextCustomizer@38467116, org.springframework.boot.test.autoconfigure.properties.PropertyMappingContextCustomizer@0, org.springframework.boot.test.autoconfigure.web.servlet.WebDriverContextCustomizerFactory$Customizer@34bde49d, org.springframework.boot.test.context.SpringBootTestArgs@1], resourceBasePath = 'src/main/webapp', contextLoader = 'org.springframework.boot.test.context.SpringBootContextLoader', parent = [null]], attributes = map['org.springframework.test.context.web.ServletTestExecutionListener.activateListener' -> true, 'org.springframework.test.context.web.ServletTestExecutionListener.populatedRequestContextHolder' -> true, 'org.springframework.test.context.web.ServletTestExecutionListener.resetRequestContextHolder' -> true]]; transaction manager [org.springframework.orm.jpa.JpaTransactionManager@11dbcb3b]; rollback [true]
2020-10-23 01:39:53.514  INFO 6239 --- [main] c.example.ec.service.TourRatingService   : Update all of Rating for tour 1 of customers 1
2020-10-23 01:39:53.520  INFO 6239 --- [main] o.s.t.c.transaction.TransactionContext   : Rolled back transaction for test: [DefaultTestContext@f36c8b1 testClass = TourRatingServiceIntegrationTest, testInstance = com.example.ec.service.TourRatingServiceIntegrationTest@41ad6c00, testMethod = updateException@TourRatingServiceIntegrationTest, testException = [null], mergedContextConfiguration = [WebMergedContextConfiguration@109f95b1 testClass = TourRatingServiceIntegrationTest, locations = '{}', classes = '{class com.example.ec.ExplorePlacesApplication}', contextInitializerClasses = '[]', activeProfiles = '{}', propertySourceLocations = '{}', propertySourceProperties = '{org.springframework.boot.test.context.SpringBootTestContextBootstrapper=true}', contextCustomizers = set[org.springframework.boot.test.context.filter.ExcludeFilterContextCustomizer@7a5ceedd, org.springframework.boot.test.json.DuplicateJsonObjectContextCustomizerFactory$DuplicateJsonObjectContextCustomizer@6cb107fd, org.springframework.boot.test.mock.mockito.MockitoContextCustomizer@0, org.springframework.boot.test.web.client.TestRestTemplateContextCustomizer@38467116, org.springframework.boot.test.autoconfigure.properties.PropertyMappingContextCustomizer@0, org.springframework.boot.test.autoconfigure.web.servlet.WebDriverContextCustomizerFactory$Customizer@34bde49d, org.springframework.boot.test.context.SpringBootTestArgs@1], resourceBasePath = 'src/main/webapp', contextLoader = 'org.springframework.boot.test.context.SpringBootContextLoader', parent = [null]], attributes = map['org.springframework.test.context.web.ServletTestExecutionListener.activateListener' -> true, 'org.springframework.test.context.web.ServletTestExecutionListener.populatedRequestContextHolder' -> true, 'org.springframework.test.context.web.ServletTestExecutionListener.resetRequestContextHolder' -> true]]
2020-10-23 01:39:53.522  INFO 6239 --- [main] o.s.t.c.transaction.TransactionContext   : Began transaction (1) for test context [DefaultTestContext@f36c8b1 testClass = TourRatingServiceIntegrationTest, testInstance = com.example.ec.service.TourRatingServiceIntegrationTest@70d24586, testMethod = getAverageScore@TourRatingServiceIntegrationTest, testException = [null], mergedContextConfiguration = [WebMergedContextConfiguration@109f95b1 testClass = TourRatingServiceIntegrationTest, locations = '{}', classes = '{class com.example.ec.ExplorePlacesApplication}', contextInitializerClasses = '[]', activeProfiles = '{}', propertySourceLocations = '{}', propertySourceProperties = '{org.springframework.boot.test.context.SpringBootTestContextBootstrapper=true}', contextCustomizers = set[org.springframework.boot.test.context.filter.ExcludeFilterContextCustomizer@7a5ceedd, org.springframework.boot.test.json.DuplicateJsonObjectContextCustomizerFactory$DuplicateJsonObjectContextCustomizer@6cb107fd, org.springframework.boot.test.mock.mockito.MockitoContextCustomizer@0, org.springframework.boot.test.web.client.TestRestTemplateContextCustomizer@38467116, org.springframework.boot.test.autoconfigure.properties.PropertyMappingContextCustomizer@0, org.springframework.boot.test.autoconfigure.web.servlet.WebDriverContextCustomizerFactory$Customizer@34bde49d, org.springframework.boot.test.context.SpringBootTestArgs@1], resourceBasePath = 'src/main/webapp', contextLoader = 'org.springframework.boot.test.context.SpringBootContextLoader', parent = [null]], attributes = map['org.springframework.test.context.web.ServletTestExecutionListener.activateListener' -> true, 'org.springframework.test.context.web.ServletTestExecutionListener.populatedRequestContextHolder' -> true, 'org.springframework.test.context.web.ServletTestExecutionListener.resetRequestContextHolder' -> true]]; transaction manager [org.springframework.orm.jpa.JpaTransactionManager@11dbcb3b]; rollback [true]
2020-10-23 01:39:53.523  INFO 6239 --- [main] c.example.ec.service.TourRatingService   : Get average score of tour 1 
2020-10-23 01:39:53.598  INFO 6239 --- [main] o.s.t.c.transaction.TransactionContext   : Rolled back transaction for test: [DefaultTestContext@f36c8b1 testClass = TourRatingServiceIntegrationTest, testInstance = com.example.ec.service.TourRatingServiceIntegrationTest@70d24586, testMethod = getAverageScore@TourRatingServiceIntegrationTest, testException = [null], mergedContextConfiguration = [WebMergedContextConfiguration@109f95b1 testClass = TourRatingServiceIntegrationTest, locations = '{}', classes = '{class com.example.ec.ExplorePlacesApplication}', contextInitializerClasses = '[]', activeProfiles = '{}', propertySourceLocations = '{}', propertySourceProperties = '{org.springframework.boot.test.context.SpringBootTestContextBootstrapper=true}', contextCustomizers = set[org.springframework.boot.test.context.filter.ExcludeFilterContextCustomizer@7a5ceedd, org.springframework.boot.test.json.DuplicateJsonObjectContextCustomizerFactory$DuplicateJsonObjectContextCustomizer@6cb107fd, org.springframework.boot.test.mock.mockito.MockitoContextCustomizer@0, org.springframework.boot.test.web.client.TestRestTemplateContextCustomizer@38467116, org.springframework.boot.test.autoconfigure.properties.PropertyMappingContextCustomizer@0, org.springframework.boot.test.autoconfigure.web.servlet.WebDriverContextCustomizerFactory$Customizer@34bde49d, org.springframework.boot.test.context.SpringBootTestArgs@1], resourceBasePath = 'src/main/webapp', contextLoader = 'org.springframework.boot.test.context.SpringBootContextLoader', parent = [null]], attributes = map['org.springframework.test.context.web.ServletTestExecutionListener.activateListener' -> true, 'org.springframework.test.context.web.ServletTestExecutionListener.populatedRequestContextHolder' -> true, 'org.springframework.test.context.web.ServletTestExecutionListener.resetRequestContextHolder' -> true]]
2020-10-23 01:39:53.605  INFO 6239 --- [main] o.s.t.c.transaction.TransactionContext   : Began transaction (1) for test context [DefaultTestContext@f36c8b1 testClass = TourRatingServiceIntegrationTest, testInstance = com.example.ec.service.TourRatingServiceIntegrationTest@4583a186, testMethod = delete@TourRatingServiceIntegrationTest, testException = [null], mergedContextConfiguration = [WebMergedContextConfiguration@109f95b1 testClass = TourRatingServiceIntegrationTest, locations = '{}', classes = '{class com.example.ec.ExplorePlacesApplication}', contextInitializerClasses = '[]', activeProfiles = '{}', propertySourceLocations = '{}', propertySourceProperties = '{org.springframework.boot.test.context.SpringBootTestContextBootstrapper=true}', contextCustomizers = set[org.springframework.boot.test.context.filter.ExcludeFilterContextCustomizer@7a5ceedd, org.springframework.boot.test.json.DuplicateJsonObjectContextCustomizerFactory$DuplicateJsonObjectContextCustomizer@6cb107fd, org.springframework.boot.test.mock.mockito.MockitoContextCustomizer@0, org.springframework.boot.test.web.client.TestRestTemplateContextCustomizer@38467116, org.springframework.boot.test.autoconfigure.properties.PropertyMappingContextCustomizer@0, org.springframework.boot.test.autoconfigure.web.servlet.WebDriverContextCustomizerFactory$Customizer@34bde49d, org.springframework.boot.test.context.SpringBootTestArgs@1], resourceBasePath = 'src/main/webapp', contextLoader = 'org.springframework.boot.test.context.SpringBootContextLoader', parent = [null]], attributes = map['org.springframework.test.context.web.ServletTestExecutionListener.activateListener' -> true, 'org.springframework.test.context.web.ServletTestExecutionListener.populatedRequestContextHolder' -> true, 'org.springframework.test.context.web.ServletTestExecutionListener.resetRequestContextHolder' -> true]]; transaction manager [org.springframework.orm.jpa.JpaTransactionManager@11dbcb3b]; rollback [true]
2020-10-23 01:39:53.611  INFO 6239 --- [main] c.example.ec.service.TourRatingService   : Lookup all Ratings
2020-10-23 01:39:53.637  INFO 6239 --- [main] c.example.ec.service.TourRatingService   : Delete Rating for tour 1 and customer 4
2020-10-23 01:39:53.653  INFO 6239 --- [main] c.example.ec.service.TourRatingService   : Lookup all Ratings
2020-10-23 01:39:53.687  INFO 6239 --- [main] o.s.t.c.transaction.TransactionContext   : Rolled back transaction for test: [DefaultTestContext@f36c8b1 testClass = TourRatingServiceIntegrationTest, testInstance = com.example.ec.service.TourRatingServiceIntegrationTest@4583a186, testMethod = delete@TourRatingServiceIntegrationTest, testException = [null], mergedContextConfiguration = [WebMergedContextConfiguration@109f95b1 testClass = TourRatingServiceIntegrationTest, locations = '{}', classes = '{class com.example.ec.ExplorePlacesApplication}', contextInitializerClasses = '[]', activeProfiles = '{}', propertySourceLocations = '{}', propertySourceProperties = '{org.springframework.boot.test.context.SpringBootTestContextBootstrapper=true}', contextCustomizers = set[org.springframework.boot.test.context.filter.ExcludeFilterContextCustomizer@7a5ceedd, org.springframework.boot.test.json.DuplicateJsonObjectContextCustomizerFactory$DuplicateJsonObjectContextCustomizer@6cb107fd, org.springframework.boot.test.mock.mockito.MockitoContextCustomizer@0, org.springframework.boot.test.web.client.TestRestTemplateContextCustomizer@38467116, org.springframework.boot.test.autoconfigure.properties.PropertyMappingContextCustomizer@0, org.springframework.boot.test.autoconfigure.web.servlet.WebDriverContextCustomizerFactory$Customizer@34bde49d, org.springframework.boot.test.context.SpringBootTestArgs@1], resourceBasePath = 'src/main/webapp', contextLoader = 'org.springframework.boot.test.context.SpringBootContextLoader', parent = [null]], attributes = map['org.springframework.test.context.web.ServletTestExecutionListener.activateListener' -> true, 'org.springframework.test.context.web.ServletTestExecutionListener.populatedRequestContextHolder' -> true, 'org.springframework.test.context.web.ServletTestExecutionListener.resetRequestContextHolder' -> true]]
2020-10-23 01:39:53.700  INFO 6239 --- [main] o.s.t.c.transaction.TransactionContext   : Began transaction (1) for test context [DefaultTestContext@f36c8b1 testClass = TourRatingServiceIntegrationTest, testInstance = com.example.ec.service.TourRatingServiceIntegrationTest@308f18c0, testMethod = rateManyProveRollback@TourRatingServiceIntegrationTest, testException = [null], mergedContextConfiguration = [WebMergedContextConfiguration@109f95b1 testClass = TourRatingServiceIntegrationTest, locations = '{}', classes = '{class com.example.ec.ExplorePlacesApplication}', contextInitializerClasses = '[]', activeProfiles = '{}', propertySourceLocations = '{}', propertySourceProperties = '{org.springframework.boot.test.context.SpringBootTestContextBootstrapper=true}', contextCustomizers = set[org.springframework.boot.test.context.filter.ExcludeFilterContextCustomizer@7a5ceedd, org.springframework.boot.test.json.DuplicateJsonObjectContextCustomizerFactory$DuplicateJsonObjectContextCustomizer@6cb107fd, org.springframework.boot.test.mock.mockito.MockitoContextCustomizer@0, org.springframework.boot.test.web.client.TestRestTemplateContextCustomizer@38467116, org.springframework.boot.test.autoconfigure.properties.PropertyMappingContextCustomizer@0, org.springframework.boot.test.autoconfigure.web.servlet.WebDriverContextCustomizerFactory$Customizer@34bde49d, org.springframework.boot.test.context.SpringBootTestArgs@1], resourceBasePath = 'src/main/webapp', contextLoader = 'org.springframework.boot.test.context.SpringBootContextLoader', parent = [null]], attributes = map['org.springframework.test.context.web.ServletTestExecutionListener.activateListener' -> true, 'org.springframework.test.context.web.ServletTestExecutionListener.populatedRequestContextHolder' -> true, 'org.springframework.test.context.web.ServletTestExecutionListener.resetRequestContextHolder' -> true]]; transaction manager [org.springframework.orm.jpa.JpaTransactionManager@11dbcb3b]; rollback [true]
2020-10-23 01:39:53.720  INFO 6239 --- [main] c.example.ec.service.TourRatingService   : Lookup all Ratings
2020-10-23 01:39:53.726  INFO 6239 --- [main] c.example.ec.service.TourRatingService   : Rate tour 1 by customers [100, 101, 102]
2020-10-23 01:39:53.727 DEBUG 6239 --- [main] c.example.ec.service.TourRatingService   : Attempt to create Tour RAting for customer 100
2020-10-23 01:39:53.745 DEBUG 6239 --- [main] c.example.ec.service.TourRatingService   : Attempt to create Tour RAting for customer 101
2020-10-23 01:39:53.749 DEBUG 6239 --- [main] c.example.ec.service.TourRatingService   : Attempt to create Tour RAting for customer 102
2020-10-23 01:39:53.751  INFO 6239 --- [main] c.example.ec.service.TourRatingService   : Rate tour 1 by customers [100, 101, 102]
2020-10-23 01:39:53.752 DEBUG 6239 --- [main] c.example.ec.service.TourRatingService   : Attempt to create Tour RAting for customer 100
2020-10-23 01:39:53.756  WARN 6239 --- [main] o.h.engine.jdbc.spi.SqlExceptionHelper   : SQL Error: 23505, SQLState: 23505
2020-10-23 01:39:53.756 ERROR 6239 --- [main] o.h.engine.jdbc.spi.SqlExceptionHelper   : Unique index or primary key violation: "PUBLIC.MYCONSTRAINT_INDEX_E ON PUBLIC.TOUR_RATING(TOUR_ID, CUSTOMER_ID) VALUES 10"; SQL statement:
insert into tour_rating (id, comment, customer_id, score, tour_id) values (null, ?, ?, ?, ?) [23505-200]
2020-10-23 01:39:53.764  INFO 6239 --- [main] o.s.t.c.transaction.TransactionContext   : Rolled back transaction for test: [DefaultTestContext@f36c8b1 testClass = TourRatingServiceIntegrationTest, testInstance = com.example.ec.service.TourRatingServiceIntegrationTest@308f18c0, testMethod = rateManyProveRollback@TourRatingServiceIntegrationTest, testException = [null], mergedContextConfiguration = [WebMergedContextConfiguration@109f95b1 testClass = TourRatingServiceIntegrationTest, locations = '{}', classes = '{class com.example.ec.ExplorePlacesApplication}', contextInitializerClasses = '[]', activeProfiles = '{}', propertySourceLocations = '{}', propertySourceProperties = '{org.springframework.boot.test.context.SpringBootTestContextBootstrapper=true}', contextCustomizers = set[org.springframework.boot.test.context.filter.ExcludeFilterContextCustomizer@7a5ceedd, org.springframework.boot.test.json.DuplicateJsonObjectContextCustomizerFactory$DuplicateJsonObjectContextCustomizer@6cb107fd, org.springframework.boot.test.mock.mockito.MockitoContextCustomizer@0, org.springframework.boot.test.web.client.TestRestTemplateContextCustomizer@38467116, org.springframework.boot.test.autoconfigure.properties.PropertyMappingContextCustomizer@0, org.springframework.boot.test.autoconfigure.web.servlet.WebDriverContextCustomizerFactory$Customizer@34bde49d, org.springframework.boot.test.context.SpringBootTestArgs@1], resourceBasePath = 'src/main/webapp', contextLoader = 'org.springframework.boot.test.context.SpringBootContextLoader', parent = [null]], attributes = map['org.springframework.test.context.web.ServletTestExecutionListener.activateListener' -> true, 'org.springframework.test.context.web.ServletTestExecutionListener.populatedRequestContextHolder' -> true, 'org.springframework.test.context.web.ServletTestExecutionListener.resetRequestContextHolder' -> true]]
2020-10-23 01:39:53.767  INFO 6239 --- [main] o.s.t.c.transaction.TransactionContext   : Began transaction (1) for test context [DefaultTestContext@f36c8b1 testClass = TourRatingServiceIntegrationTest, testInstance = com.example.ec.service.TourRatingServiceIntegrationTest@cec1ce2, testMethod = update@TourRatingServiceIntegrationTest, testException = [null], mergedContextConfiguration = [WebMergedContextConfiguration@109f95b1 testClass = TourRatingServiceIntegrationTest, locations = '{}', classes = '{class com.example.ec.ExplorePlacesApplication}', contextInitializerClasses = '[]', activeProfiles = '{}', propertySourceLocations = '{}', propertySourceProperties = '{org.springframework.boot.test.context.SpringBootTestContextBootstrapper=true}', contextCustomizers = set[org.springframework.boot.test.context.filter.ExcludeFilterContextCustomizer@7a5ceedd, org.springframework.boot.test.json.DuplicateJsonObjectContextCustomizerFactory$DuplicateJsonObjectContextCustomizer@6cb107fd, org.springframework.boot.test.mock.mockito.MockitoContextCustomizer@0, org.springframework.boot.test.web.client.TestRestTemplateContextCustomizer@38467116, org.springframework.boot.test.autoconfigure.properties.PropertyMappingContextCustomizer@0, org.springframework.boot.test.autoconfigure.web.servlet.WebDriverContextCustomizerFactory$Customizer@34bde49d, org.springframework.boot.test.context.SpringBootTestArgs@1], resourceBasePath = 'src/main/webapp', contextLoader = 'org.springframework.boot.test.context.SpringBootContextLoader', parent = [null]], attributes = map['org.springframework.test.context.web.ServletTestExecutionListener.activateListener' -> true, 'org.springframework.test.context.web.ServletTestExecutionListener.populatedRequestContextHolder' -> true, 'org.springframework.test.context.web.ServletTestExecutionListener.resetRequestContextHolder' -> true]]; transaction manager [org.springframework.orm.jpa.JpaTransactionManager@11dbcb3b]; rollback [true]
2020-10-23 01:39:53.768  INFO 6239 --- [main] c.example.ec.service.TourRatingService   : Create Rating for tour 1 of customers 456
2020-10-23 01:39:53.774  INFO 6239 --- [main] c.example.ec.service.TourRatingService   : Update all of Rating for tour 1 of customers 456
2020-10-23 01:39:53.782  INFO 6239 --- [main] o.s.t.c.transaction.TransactionContext   : Rolled back transaction for test: [DefaultTestContext@f36c8b1 testClass = TourRatingServiceIntegrationTest, testInstance = com.example.ec.service.TourRatingServiceIntegrationTest@cec1ce2, testMethod = update@TourRatingServiceIntegrationTest, testException = [null], mergedContextConfiguration = [WebMergedContextConfiguration@109f95b1 testClass = TourRatingServiceIntegrationTest, locations = '{}', classes = '{class com.example.ec.ExplorePlacesApplication}', contextInitializerClasses = '[]', activeProfiles = '{}', propertySourceLocations = '{}', propertySourceProperties = '{org.springframework.boot.test.context.SpringBootTestContextBootstrapper=true}', contextCustomizers = set[org.springframework.boot.test.context.filter.ExcludeFilterContextCustomizer@7a5ceedd, org.springframework.boot.test.json.DuplicateJsonObjectContextCustomizerFactory$DuplicateJsonObjectContextCustomizer@6cb107fd, org.springframework.boot.test.mock.mockito.MockitoContextCustomizer@0, org.springframework.boot.test.web.client.TestRestTemplateContextCustomizer@38467116, org.springframework.boot.test.autoconfigure.properties.PropertyMappingContextCustomizer@0, org.springframework.boot.test.autoconfigure.web.servlet.WebDriverContextCustomizerFactory$Customizer@34bde49d, org.springframework.boot.test.context.SpringBootTestArgs@1], resourceBasePath = 'src/main/webapp', contextLoader = 'org.springframework.boot.test.context.SpringBootContextLoader', parent = [null]], attributes = map['org.springframework.test.context.web.ServletTestExecutionListener.activateListener' -> true, 'org.springframework.test.context.web.ServletTestExecutionListener.populatedRequestContextHolder' -> true, 'org.springframework.test.context.web.ServletTestExecutionListener.resetRequestContextHolder' -> true]]
2020-10-23 01:39:53.792  INFO 6239 --- [main] o.s.t.c.transaction.TransactionContext   : Began transaction (1) for test context [DefaultTestContext@f36c8b1 testClass = TourRatingServiceIntegrationTest, testInstance = com.example.ec.service.TourRatingServiceIntegrationTest@6ed87b1c, testMethod = createNewException@TourRatingServiceIntegrationTest, testException = [null], mergedContextConfiguration = [WebMergedContextConfiguration@109f95b1 testClass = TourRatingServiceIntegrationTest, locations = '{}', classes = '{class com.example.ec.ExplorePlacesApplication}', contextInitializerClasses = '[]', activeProfiles = '{}', propertySourceLocations = '{}', propertySourceProperties = '{org.springframework.boot.test.context.SpringBootTestContextBootstrapper=true}', contextCustomizers = set[org.springframework.boot.test.context.filter.ExcludeFilterContextCustomizer@7a5ceedd, org.springframework.boot.test.json.DuplicateJsonObjectContextCustomizerFactory$DuplicateJsonObjectContextCustomizer@6cb107fd, org.springframework.boot.test.mock.mockito.MockitoContextCustomizer@0, org.springframework.boot.test.web.client.TestRestTemplateContextCustomizer@38467116, org.springframework.boot.test.autoconfigure.properties.PropertyMappingContextCustomizer@0, org.springframework.boot.test.autoconfigure.web.servlet.WebDriverContextCustomizerFactory$Customizer@34bde49d, org.springframework.boot.test.context.SpringBootTestArgs@1], resourceBasePath = 'src/main/webapp', contextLoader = 'org.springframework.boot.test.context.SpringBootContextLoader', parent = [null]], attributes = map['org.springframework.test.context.web.ServletTestExecutionListener.activateListener' -> true, 'org.springframework.test.context.web.ServletTestExecutionListener.populatedRequestContextHolder' -> true, 'org.springframework.test.context.web.ServletTestExecutionListener.resetRequestContextHolder' -> true]]; transaction manager [org.springframework.orm.jpa.JpaTransactionManager@11dbcb3b]; rollback [true]
2020-10-23 01:39:53.794  INFO 6239 --- [main] c.example.ec.service.TourRatingService   : Create Rating for tour 123 of customers 456
2020-10-23 01:39:53.802  INFO 6239 --- [main] o.s.t.c.transaction.TransactionContext   : Rolled back transaction for test: [DefaultTestContext@f36c8b1 testClass = TourRatingServiceIntegrationTest, testInstance = com.example.ec.service.TourRatingServiceIntegrationTest@6ed87b1c, testMethod = createNewException@TourRatingServiceIntegrationTest, testException = [null], mergedContextConfiguration = [WebMergedContextConfiguration@109f95b1 testClass = TourRatingServiceIntegrationTest, locations = '{}', classes = '{class com.example.ec.ExplorePlacesApplication}', contextInitializerClasses = '[]', activeProfiles = '{}', propertySourceLocations = '{}', propertySourceProperties = '{org.springframework.boot.test.context.SpringBootTestContextBootstrapper=true}', contextCustomizers = set[org.springframework.boot.test.context.filter.ExcludeFilterContextCustomizer@7a5ceedd, org.springframework.boot.test.json.DuplicateJsonObjectContextCustomizerFactory$DuplicateJsonObjectContextCustomizer@6cb107fd, org.springframework.boot.test.mock.mockito.MockitoContextCustomizer@0, org.springframework.boot.test.web.client.TestRestTemplateContextCustomizer@38467116, org.springframework.boot.test.autoconfigure.properties.PropertyMappingContextCustomizer@0, org.springframework.boot.test.autoconfigure.web.servlet.WebDriverContextCustomizerFactory$Customizer@34bde49d, org.springframework.boot.test.context.SpringBootTestArgs@1], resourceBasePath = 'src/main/webapp', contextLoader = 'org.springframework.boot.test.context.SpringBootContextLoader', parent = [null]], attributes = map['org.springframework.test.context.web.ServletTestExecutionListener.activateListener' -> true, 'org.springframework.test.context.web.ServletTestExecutionListener.populatedRequestContextHolder' -> true, 'org.springframework.test.context.web.ServletTestExecutionListener.resetRequestContextHolder' -> true]]
2020-10-23 01:39:53.804  INFO 6239 --- [main] o.s.t.c.transaction.TransactionContext   : Began transaction (1) for test context [DefaultTestContext@f36c8b1 testClass = TourRatingServiceIntegrationTest, testInstance = com.example.ec.service.TourRatingServiceIntegrationTest@65c634f2, testMethod = updateSome@TourRatingServiceIntegrationTest, testException = [null], mergedContextConfiguration = [WebMergedContextConfiguration@109f95b1 testClass = TourRatingServiceIntegrationTest, locations = '{}', classes = '{class com.example.ec.ExplorePlacesApplication}', contextInitializerClasses = '[]', activeProfiles = '{}', propertySourceLocations = '{}', propertySourceProperties = '{org.springframework.boot.test.context.SpringBootTestContextBootstrapper=true}', contextCustomizers = set[org.springframework.boot.test.context.filter.ExcludeFilterContextCustomizer@7a5ceedd, org.springframework.boot.test.json.DuplicateJsonObjectContextCustomizerFactory$DuplicateJsonObjectContextCustomizer@6cb107fd, org.springframework.boot.test.mock.mockito.MockitoContextCustomizer@0, org.springframework.boot.test.web.client.TestRestTemplateContextCustomizer@38467116, org.springframework.boot.test.autoconfigure.properties.PropertyMappingContextCustomizer@0, org.springframework.boot.test.autoconfigure.web.servlet.WebDriverContextCustomizerFactory$Customizer@34bde49d, org.springframework.boot.test.context.SpringBootTestArgs@1], resourceBasePath = 'src/main/webapp', contextLoader = 'org.springframework.boot.test.context.SpringBootContextLoader', parent = [null]], attributes = map['org.springframework.test.context.web.ServletTestExecutionListener.activateListener' -> true, 'org.springframework.test.context.web.ServletTestExecutionListener.populatedRequestContextHolder' -> true, 'org.springframework.test.context.web.ServletTestExecutionListener.resetRequestContextHolder' -> true]]; transaction manager [org.springframework.orm.jpa.JpaTransactionManager@11dbcb3b]; rollback [true]
2020-10-23 01:39:53.805  INFO 6239 --- [main] c.example.ec.service.TourRatingService   : Create Rating for tour 1 of customers 456
2020-10-23 01:39:53.811  INFO 6239 --- [main] c.example.ec.service.TourRatingService   : Update all of Rating for tour 1 of customers 456
2020-10-23 01:39:53.816  INFO 6239 --- [main] o.s.t.c.transaction.TransactionContext   : Rolled back transaction for test: [DefaultTestContext@f36c8b1 testClass = TourRatingServiceIntegrationTest, testInstance = com.example.ec.service.TourRatingServiceIntegrationTest@65c634f2, testMethod = updateSome@TourRatingServiceIntegrationTest, testException = [null], mergedContextConfiguration = [WebMergedContextConfiguration@109f95b1 testClass = TourRatingServiceIntegrationTest, locations = '{}', classes = '{class com.example.ec.ExplorePlacesApplication}', contextInitializerClasses = '[]', activeProfiles = '{}', propertySourceLocations = '{}', propertySourceProperties = '{org.springframework.boot.test.context.SpringBootTestContextBootstrapper=true}', contextCustomizers = set[org.springframework.boot.test.context.filter.ExcludeFilterContextCustomizer@7a5ceedd, org.springframework.boot.test.json.DuplicateJsonObjectContextCustomizerFactory$DuplicateJsonObjectContextCustomizer@6cb107fd, org.springframework.boot.test.mock.mockito.MockitoContextCustomizer@0, org.springframework.boot.test.web.client.TestRestTemplateContextCustomizer@38467116, org.springframework.boot.test.autoconfigure.properties.PropertyMappingContextCustomizer@0, org.springframework.boot.test.autoconfigure.web.servlet.WebDriverContextCustomizerFactory$Customizer@34bde49d, org.springframework.boot.test.context.SpringBootTestArgs@1], resourceBasePath = 'src/main/webapp', contextLoader = 'org.springframework.boot.test.context.SpringBootContextLoader', parent = [null]], attributes = map['org.springframework.test.context.web.ServletTestExecutionListener.activateListener' -> true, 'org.springframework.test.context.web.ServletTestExecutionListener.populatedRequestContextHolder' -> true, 'org.springframework.test.context.web.ServletTestExecutionListener.resetRequestContextHolder' -> true]]
2020-10-23 01:39:53.874  INFO 6239 --- [main] o.s.t.c.transaction.TransactionContext   : Began transaction (1) for test context [DefaultTestContext@f36c8b1 testClass = TourRatingServiceIntegrationTest, testInstance = com.example.ec.service.TourRatingServiceIntegrationTest@36109a76, testMethod = updateSomeException@TourRatingServiceIntegrationTest, testException = [null], mergedContextConfiguration = [WebMergedContextConfiguration@109f95b1 testClass = TourRatingServiceIntegrationTest, locations = '{}', classes = '{class com.example.ec.ExplorePlacesApplication}', contextInitializerClasses = '[]', activeProfiles = '{}', propertySourceLocations = '{}', propertySourceProperties = '{org.springframework.boot.test.context.SpringBootTestContextBootstrapper=true}', contextCustomizers = set[org.springframework.boot.test.context.filter.ExcludeFilterContextCustomizer@7a5ceedd, org.springframework.boot.test.json.DuplicateJsonObjectContextCustomizerFactory$DuplicateJsonObjectContextCustomizer@6cb107fd, org.springframework.boot.test.mock.mockito.MockitoContextCustomizer@0, org.springframework.boot.test.web.client.TestRestTemplateContextCustomizer@38467116, org.springframework.boot.test.autoconfigure.properties.PropertyMappingContextCustomizer@0, org.springframework.boot.test.autoconfigure.web.servlet.WebDriverContextCustomizerFactory$Customizer@34bde49d, org.springframework.boot.test.context.SpringBootTestArgs@1], resourceBasePath = 'src/main/webapp', contextLoader = 'org.springframework.boot.test.context.SpringBootContextLoader', parent = [null]], attributes = map['org.springframework.test.context.web.ServletTestExecutionListener.activateListener' -> true, 'org.springframework.test.context.web.ServletTestExecutionListener.populatedRequestContextHolder' -> true, 'org.springframework.test.context.web.ServletTestExecutionListener.resetRequestContextHolder' -> true]]; transaction manager [org.springframework.orm.jpa.JpaTransactionManager@11dbcb3b]; rollback [true]
2020-10-23 01:39:53.876  INFO 6239 --- [main] c.example.ec.service.TourRatingService   : Update all of Rating for tour 1 of customers 1
2020-10-23 01:39:53.888  INFO 6239 --- [main] o.s.t.c.transaction.TransactionContext   : Rolled back transaction for test: [DefaultTestContext@f36c8b1 testClass = TourRatingServiceIntegrationTest, testInstance = com.example.ec.service.TourRatingServiceIntegrationTest@36109a76, testMethod = updateSomeException@TourRatingServiceIntegrationTest, testException = [null], mergedContextConfiguration = [WebMergedContextConfiguration@109f95b1 testClass = TourRatingServiceIntegrationTest, locations = '{}', classes = '{class com.example.ec.ExplorePlacesApplication}', contextInitializerClasses = '[]', activeProfiles = '{}', propertySourceLocations = '{}', propertySourceProperties = '{org.springframework.boot.test.context.SpringBootTestContextBootstrapper=true}', contextCustomizers = set[org.springframework.boot.test.context.filter.ExcludeFilterContextCustomizer@7a5ceedd, org.springframework.boot.test.json.DuplicateJsonObjectContextCustomizerFactory$DuplicateJsonObjectContextCustomizer@6cb107fd, org.springframework.boot.test.mock.mockito.MockitoContextCustomizer@0, org.springframework.boot.test.web.client.TestRestTemplateContextCustomizer@38467116, org.springframework.boot.test.autoconfigure.properties.PropertyMappingContextCustomizer@0, org.springframework.boot.test.autoconfigure.web.servlet.WebDriverContextCustomizerFactory$Customizer@34bde49d, org.springframework.boot.test.context.SpringBootTestArgs@1], resourceBasePath = 'src/main/webapp', contextLoader = 'org.springframework.boot.test.context.SpringBootContextLoader', parent = [null]], attributes = map['org.springframework.test.context.web.ServletTestExecutionListener.activateListener' -> true, 'org.springframework.test.context.web.ServletTestExecutionListener.populatedRequestContextHolder' -> true, 'org.springframework.test.context.web.ServletTestExecutionListener.resetRequestContextHolder' -> true]]
2020-10-23 01:39:53.890  INFO 6239 --- [main] o.s.t.c.transaction.TransactionContext   : Began transaction (1) for test context [DefaultTestContext@f36c8b1 testClass = TourRatingServiceIntegrationTest, testInstance = com.example.ec.service.TourRatingServiceIntegrationTest@497cf31a, testMethod = rateMany@TourRatingServiceIntegrationTest, testException = [null], mergedContextConfiguration = [WebMergedContextConfiguration@109f95b1 testClass = TourRatingServiceIntegrationTest, locations = '{}', classes = '{class com.example.ec.ExplorePlacesApplication}', contextInitializerClasses = '[]', activeProfiles = '{}', propertySourceLocations = '{}', propertySourceProperties = '{org.springframework.boot.test.context.SpringBootTestContextBootstrapper=true}', contextCustomizers = set[org.springframework.boot.test.context.filter.ExcludeFilterContextCustomizer@7a5ceedd, org.springframework.boot.test.json.DuplicateJsonObjectContextCustomizerFactory$DuplicateJsonObjectContextCustomizer@6cb107fd, org.springframework.boot.test.mock.mockito.MockitoContextCustomizer@0, org.springframework.boot.test.web.client.TestRestTemplateContextCustomizer@38467116, org.springframework.boot.test.autoconfigure.properties.PropertyMappingContextCustomizer@0, org.springframework.boot.test.autoconfigure.web.servlet.WebDriverContextCustomizerFactory$Customizer@34bde49d, org.springframework.boot.test.context.SpringBootTestArgs@1], resourceBasePath = 'src/main/webapp', contextLoader = 'org.springframework.boot.test.context.SpringBootContextLoader', parent = [null]], attributes = map['org.springframework.test.context.web.ServletTestExecutionListener.activateListener' -> true, 'org.springframework.test.context.web.ServletTestExecutionListener.populatedRequestContextHolder' -> true, 'org.springframework.test.context.web.ServletTestExecutionListener.resetRequestContextHolder' -> true]]; transaction manager [org.springframework.orm.jpa.JpaTransactionManager@11dbcb3b]; rollback [true]
2020-10-23 01:39:53.892  INFO 6239 --- [main] c.example.ec.service.TourRatingService   : Lookup all Ratings
2020-10-23 01:39:53.912  INFO 6239 --- [main] c.example.ec.service.TourRatingService   : Rate tour 1 by customers [100, 101, 102]
2020-10-23 01:39:53.913 DEBUG 6239 --- [main] c.example.ec.service.TourRatingService   : Attempt to create Tour RAting for customer 100
2020-10-23 01:39:53.925 DEBUG 6239 --- [main] c.example.ec.service.TourRatingService   : Attempt to create Tour RAting for customer 101
2020-10-23 01:39:53.928 DEBUG 6239 --- [main] c.example.ec.service.TourRatingService   : Attempt to create Tour RAting for customer 102
2020-10-23 01:39:53.933  INFO 6239 --- [main] c.example.ec.service.TourRatingService   : Lookup all Ratings
2020-10-23 01:39:53.951  INFO 6239 --- [main] o.s.t.c.transaction.TransactionContext   : Rolled back transaction for test: [DefaultTestContext@f36c8b1 testClass = TourRatingServiceIntegrationTest, testInstance = com.example.ec.service.TourRatingServiceIntegrationTest@497cf31a, testMethod = rateMany@TourRatingServiceIntegrationTest, testException = [null], mergedContextConfiguration = [WebMergedContextConfiguration@109f95b1 testClass = TourRatingServiceIntegrationTest, locations = '{}', classes = '{class com.example.ec.ExplorePlacesApplication}', contextInitializerClasses = '[]', activeProfiles = '{}', propertySourceLocations = '{}', propertySourceProperties = '{org.springframework.boot.test.context.SpringBootTestContextBootstrapper=true}', contextCustomizers = set[org.springframework.boot.test.context.filter.ExcludeFilterContextCustomizer@7a5ceedd, org.springframework.boot.test.json.DuplicateJsonObjectContextCustomizerFactory$DuplicateJsonObjectContextCustomizer@6cb107fd, org.springframework.boot.test.mock.mockito.MockitoContextCustomizer@0, org.springframework.boot.test.web.client.TestRestTemplateContextCustomizer@38467116, org.springframework.boot.test.autoconfigure.properties.PropertyMappingContextCustomizer@0, org.springframework.boot.test.autoconfigure.web.servlet.WebDriverContextCustomizerFactory$Customizer@34bde49d, org.springframework.boot.test.context.SpringBootTestArgs@1], resourceBasePath = 'src/main/webapp', contextLoader = 'org.springframework.boot.test.context.SpringBootContextLoader', parent = [null]], attributes = map['org.springframework.test.context.web.ServletTestExecutionListener.activateListener' -> true, 'org.springframework.test.context.web.ServletTestExecutionListener.populatedRequestContextHolder' -> true, 'org.springframework.test.context.web.ServletTestExecutionListener.resetRequestContextHolder' -> true]]
2020-10-23 01:39:53.956  INFO 6239 --- [main] o.s.t.c.transaction.TransactionContext   : Began transaction (1) for test context [DefaultTestContext@f36c8b1 testClass = TourRatingServiceIntegrationTest, testInstance = com.example.ec.service.TourRatingServiceIntegrationTest@2052c49f, testMethod = createNew@TourRatingServiceIntegrationTest, testException = [null], mergedContextConfiguration = [WebMergedContextConfiguration@109f95b1 testClass = TourRatingServiceIntegrationTest, locations = '{}', classes = '{class com.example.ec.ExplorePlacesApplication}', contextInitializerClasses = '[]', activeProfiles = '{}', propertySourceLocations = '{}', propertySourceProperties = '{org.springframework.boot.test.context.SpringBootTestContextBootstrapper=true}', contextCustomizers = set[org.springframework.boot.test.context.filter.ExcludeFilterContextCustomizer@7a5ceedd, org.springframework.boot.test.json.DuplicateJsonObjectContextCustomizerFactory$DuplicateJsonObjectContextCustomizer@6cb107fd, org.springframework.boot.test.mock.mockito.MockitoContextCustomizer@0, org.springframework.boot.test.web.client.TestRestTemplateContextCustomizer@38467116, org.springframework.boot.test.autoconfigure.properties.PropertyMappingContextCustomizer@0, org.springframework.boot.test.autoconfigure.web.servlet.WebDriverContextCustomizerFactory$Customizer@34bde49d, org.springframework.boot.test.context.SpringBootTestArgs@1], resourceBasePath = 'src/main/webapp', contextLoader = 'org.springframework.boot.test.context.SpringBootContextLoader', parent = [null]], attributes = map['org.springframework.test.context.web.ServletTestExecutionListener.activateListener' -> true, 'org.springframework.test.context.web.ServletTestExecutionListener.populatedRequestContextHolder' -> true, 'org.springframework.test.context.web.ServletTestExecutionListener.resetRequestContextHolder' -> true]]; transaction manager [org.springframework.orm.jpa.JpaTransactionManager@11dbcb3b]; rollback [true]
2020-10-23 01:39:53.958  INFO 6239 --- [main] c.example.ec.service.TourRatingService   : Create Rating for tour 1 of customers 456
2020-10-23 01:39:53.983  INFO 6239 --- [main] o.s.t.c.transaction.TransactionContext   : Rolled back transaction for test: [DefaultTestContext@f36c8b1 testClass = TourRatingServiceIntegrationTest, testInstance = com.example.ec.service.TourRatingServiceIntegrationTest@2052c49f, testMethod = createNew@TourRatingServiceIntegrationTest, testException = [null], mergedContextConfiguration = [WebMergedContextConfiguration@109f95b1 testClass = TourRatingServiceIntegrationTest, locations = '{}', classes = '{class com.example.ec.ExplorePlacesApplication}', contextInitializerClasses = '[]', activeProfiles = '{}', propertySourceLocations = '{}', propertySourceProperties = '{org.springframework.boot.test.context.SpringBootTestContextBootstrapper=true}', contextCustomizers = set[org.springframework.boot.test.context.filter.ExcludeFilterContextCustomizer@7a5ceedd, org.springframework.boot.test.json.DuplicateJsonObjectContextCustomizerFactory$DuplicateJsonObjectContextCustomizer@6cb107fd, org.springframework.boot.test.mock.mockito.MockitoContextCustomizer@0, org.springframework.boot.test.web.client.TestRestTemplateContextCustomizer@38467116, org.springframework.boot.test.autoconfigure.properties.PropertyMappingContextCustomizer@0, org.springframework.boot.test.autoconfigure.web.servlet.WebDriverContextCustomizerFactory$Customizer@34bde49d, org.springframework.boot.test.context.SpringBootTestArgs@1], resourceBasePath = 'src/main/webapp', contextLoader = 'org.springframework.boot.test.context.SpringBootContextLoader', parent = [null]], attributes = map['org.springframework.test.context.web.ServletTestExecutionListener.activateListener' -> true, 'org.springframework.test.context.web.ServletTestExecutionListener.populatedRequestContextHolder' -> true, 'org.springframework.test.context.web.ServletTestExecutionListener.resetRequestContextHolder' -> true]]
2020-10-23 01:39:53.986  INFO 6239 --- [main] o.s.t.c.transaction.TransactionContext   : Began transaction (1) for test context [DefaultTestContext@f36c8b1 testClass = TourRatingServiceIntegrationTest, testInstance = com.example.ec.service.TourRatingServiceIntegrationTest@78977b59, testMethod = getAverageScoreException@TourRatingServiceIntegrationTest, testException = [null], mergedContextConfiguration = [WebMergedContextConfiguration@109f95b1 testClass = TourRatingServiceIntegrationTest, locations = '{}', classes = '{class com.example.ec.ExplorePlacesApplication}', contextInitializerClasses = '[]', activeProfiles = '{}', propertySourceLocations = '{}', propertySourceProperties = '{org.springframework.boot.test.context.SpringBootTestContextBootstrapper=true}', contextCustomizers = set[org.springframework.boot.test.context.filter.ExcludeFilterContextCustomizer@7a5ceedd, org.springframework.boot.test.json.DuplicateJsonObjectContextCustomizerFactory$DuplicateJsonObjectContextCustomizer@6cb107fd, org.springframework.boot.test.mock.mockito.MockitoContextCustomizer@0, org.springframework.boot.test.web.client.TestRestTemplateContextCustomizer@38467116, org.springframework.boot.test.autoconfigure.properties.PropertyMappingContextCustomizer@0, org.springframework.boot.test.autoconfigure.web.servlet.WebDriverContextCustomizerFactory$Customizer@34bde49d, org.springframework.boot.test.context.SpringBootTestArgs@1], resourceBasePath = 'src/main/webapp', contextLoader = 'org.springframework.boot.test.context.SpringBootContextLoader', parent = [null]], attributes = map['org.springframework.test.context.web.ServletTestExecutionListener.activateListener' -> true, 'org.springframework.test.context.web.ServletTestExecutionListener.populatedRequestContextHolder' -> true, 'org.springframework.test.context.web.ServletTestExecutionListener.resetRequestContextHolder' -> true]]; transaction manager [org.springframework.orm.jpa.JpaTransactionManager@11dbcb3b]; rollback [true]
2020-10-23 01:39:53.992  INFO 6239 --- [main] c.example.ec.service.TourRatingService   : Get average score of tour 123 
2020-10-23 01:39:53.996  INFO 6239 --- [main] o.s.t.c.transaction.TransactionContext   : Rolled back transaction for test: [DefaultTestContext@f36c8b1 testClass = TourRatingServiceIntegrationTest, testInstance = com.example.ec.service.TourRatingServiceIntegrationTest@78977b59, testMethod = getAverageScoreException@TourRatingServiceIntegrationTest, testException = [null], mergedContextConfiguration = [WebMergedContextConfiguration@109f95b1 testClass = TourRatingServiceIntegrationTest, locations = '{}', classes = '{class com.example.ec.ExplorePlacesApplication}', contextInitializerClasses = '[]', activeProfiles = '{}', propertySourceLocations = '{}', propertySourceProperties = '{org.springframework.boot.test.context.SpringBootTestContextBootstrapper=true}', contextCustomizers = set[org.springframework.boot.test.context.filter.ExcludeFilterContextCustomizer@7a5ceedd, org.springframework.boot.test.json.DuplicateJsonObjectContextCustomizerFactory$DuplicateJsonObjectContextCustomizer@6cb107fd, org.springframework.boot.test.mock.mockito.MockitoContextCustomizer@0, org.springframework.boot.test.web.client.TestRestTemplateContextCustomizer@38467116, org.springframework.boot.test.autoconfigure.properties.PropertyMappingContextCustomizer@0, org.springframework.boot.test.autoconfigure.web.servlet.WebDriverContextCustomizerFactory$Customizer@34bde49d, org.springframework.boot.test.context.SpringBootTestArgs@1], resourceBasePath = 'src/main/webapp', contextLoader = 'org.springframework.boot.test.context.SpringBootContextLoader', parent = [null]], attributes = map['org.springframework.test.context.web.ServletTestExecutionListener.activateListener' -> true, 'org.springframework.test.context.web.ServletTestExecutionListener.populatedRequestContextHolder' -> true, 'org.springframework.test.context.web.ServletTestExecutionListener.resetRequestContextHolder' -> true]]
2020-10-23 01:39:54.084  INFO 6239 --- [SpringContextShutdownHook] j.LocalContainerEntityManagerFactoryBean : Closing JPA EntityManagerFactory for persistence unit 'default'
2020-10-23 01:39:54.087  INFO 6239 --- [SpringContextShutdownHook] o.s.s.concurrent.ThreadPoolTaskExecutor  : Shutting down ExecutorService 'applicationTaskExecutor'
2020-10-23 01:39:54.090  INFO 6239 --- [SpringContextShutdownHook] com.zaxxer.hikari.HikariDataSource       : HikariPool-1 - Shutdown initiated...
2020-10-23 01:39:54.114  INFO 6239 --- [SpringContextShutdownHook] com.zaxxer.hikari.HikariDataSource       : HikariPool-1 - Shutdown completed.
2020-10-23 01:39:54.137  INFO 6239 --- [SpringContextShutdownHook] j.LocalContainerEntityManagerFactoryBean : Closing JPA EntityManagerFactory for persistence unit 'default'
2020-10-23 01:39:54.138  INFO 6239 --- [SpringContextShutdownHook] o.s.s.concurrent.ThreadPoolTaskExecutor  : Shutting down ExecutorService 'applicationTaskExecutor'
2020-10-23 01:39:54.139  INFO 6239 --- [SpringContextShutdownHook] com.zaxxer.hikari.HikariDataSource       : HikariPool-2 - Shutdown initiated...
2020-10-23 01:39:54.150  INFO 6239 --- [SpringContextShutdownHook] com.zaxxer.hikari.HikariDataSource       : HikariPool-2 - Shutdown completed.
